<?xml version="1.0" encoding="UTF-8"?>
<!-- Generated by org.testng.reporters.JUnitReportReporter -->
<testsuite hostname="Venketa" failures="0" tests="1" name="MavenFirst.Maven.First" time="0.015" errors="0" timestamp="11 Feb 2018 08:17:01 GMT" skipped="0">
  <testcase classname="MavenFirst.Maven.First" name="Test" time="0.015"/>
</testsuite> <!-- MavenFirst.Maven.First -->
