<?xml version="1.0" encoding="UTF-8"?>
<!-- Generated by org.testng.reporters.JUnitReportReporter -->
<testsuite hostname="Venketa" name="MavenFrame.baseclass" tests="1" failures="0" timestamp="18 Feb 2018 11:36:21 GMT" time="11.039" errors="0">
  <testcase name="RunBrowser" time="11.039" classname="MavenFrame.baseclass"/>
</testsuite> <!-- MavenFrame.baseclass -->
