<?xml version="1.0" encoding="UTF-8"?>
<!-- Generated by org.testng.reporters.JUnitReportReporter -->
<testsuite hostname="Venketa" name="MavenFrame.login" tests="2" failures="0" timestamp="18 Feb 2018 18:13:35 GMT" time="42.679" errors="0">
  <testcase name="login" time="21.845" classname="MavenFrame.login"/>
  <testcase name="login" time="20.834" classname="MavenFrame.login"/>
</testsuite> <!-- MavenFrame.login -->
