<?xml version="1.0" encoding="UTF-8"?>
<!-- Generated by org.testng.reporters.JUnitReportReporter -->
<testsuite hostname="Venketa" name="MavenFirst.Maven.Second" tests="1" failures="0" timestamp="14 Feb 2018 14:13:29 GMT" time="0.001" errors="0">
  <testcase name="Test" time="0.001" classname="MavenFirst.Maven.Second"/>
</testsuite> <!-- MavenFirst.Maven.Second -->
